{"enforceHttps":false,"host":null,"level":"info","message":"server_started","port":8787,"timestamp":"2026-07-21T18:16:34.830Z","trustProxy":false}
{"ip":"::1","level":"info","message":"request","method":"GET","ms":47,"path":"/admin/","status":200,"timestamp":"2026-07-21T18:16:45.578Z","userEmail":null,"userId":null}
{"ip":"::1","level":"info","message":"request","method":"GET","ms":6,"path":"/Icons/favicon.png","status":200,"timestamp":"2026-07-21T18:16:45.642Z","userEmail":null,"userId":null}
{"ip":"::1","level":"info","message":"request","method":"GET","ms":14,"path":"/admin/admin.css?v=20260123","status":200,"timestamp":"2026-07-21T18:16:45.648Z","userEmail":null,"userId":null}
{"ip":"::1","level":"info","message":"request","method":"GET","ms":26,"path":"/admin/admin.js?v=20260123","status":200,"timestamp":"2026-07-21T18:16:45.663Z","userEmail":null,"userId":null}
{"ip":"::1","level":"info","message":"request","method":"GET","ms":3,"path":"/favicon.ico","status":404,"timestamp":"2026-07-21T18:16:45.745Z","userEmail":null,"userId":null}
{"ip":"::1","level":"info","message":"request","method":"GET","ms":48,"path":"/api/me","status":200,"timestamp":"2026-07-21T18:16:45.763Z","userEmail":null,"userId":null}
{"ip":"::1","level":"info","message":"request","method":"GET","ms":42,"path":"/api/access/status","status":404,"timestamp":"2026-07-21T18:16:51.037Z","userEmail":null,"userId":null}
{"ip":"::ffff:127.0.0.1","level":"info","message":"request","method":"GET","ms":16,"path":"/api/csrf","status":401,"timestamp":"2026-07-21T18:44:38.179Z","userEmail":null,"userId":null}
{"ip":"::ffff:127.0.0.1","level":"info","message":"request","method":"POST","ms":926,"path":"/api/auth/login","status":200,"timestamp":"2026-07-21T18:44:39.149Z","userEmail":"admin@example.com","userId":"1138c2b7-a2ec-4843-9f60-5983fba529df"}
{"ip":"::ffff:127.0.0.1","level":"info","message":"request","method":"GET","ms":48,"path":"/api/csrf","status":200,"timestamp":"2026-07-21T18:44:39.223Z","userEmail":"admin@example.com","userId":"1138c2b7-a2ec-4843-9f60-5983fba529df"}
{"ip":"::ffff:127.0.0.1","level":"info","message":"request","method":"POST","ms":68,"path":"/api/announcements","status":403,"timestamp":"2026-07-21T18:44:39.310Z","userEmail":"admin@example.com","userId":"1138c2b7-a2ec-4843-9f60-5983fba529df"}
{"ip":"::ffff:127.0.0.1","level":"info","message":"request","method":"POST","ms":26,"path":"/api/announcements","status":200,"timestamp":"2026-07-21T18:44:39.349Z","userEmail":"admin@example.com","userId":"1138c2b7-a2ec-4843-9f60-5983fba529df"}
{"actor":"support-emailer@test","level":"info","message":"support_email_disabled","subject":"Test","timestamp":"2026-07-21T18:44:39.363Z"}
{"ip":"::ffff:127.0.0.1","level":"info","message":"request","method":"POST","ms":14,"path":"/api/support/message","status":200,"timestamp":"2026-07-21T18:44:39.376Z","userEmail":null,"userId":null}
{"enforceHttps":false,"host":null,"level":"info","message":"server_started","port":8788,"timestamp":"2026-07-21T18:44:44.441Z","trustProxy":false}
{"ip":"::ffff:127.0.0.1","level":"info","message":"request","method":"GET","ms":68,"path":"/api/csrf","status":401,"timestamp":"2026-07-21T19:25:42.965Z","userEmail":null,"userId":null}
{"ip":"::ffff:127.0.0.1","level":"info","message":"request","method":"POST","ms":432,"path":"/api/auth/login","status":200,"timestamp":"2026-07-21T19:25:43.423Z","userEmail":"admin@example.com","userId":"5ec6e1d4-178f-4550-9bb9-f0d4352c9499"}
{"ip":"::ffff:127.0.0.1","level":"info","message":"request","method":"GET","ms":20,"path":"/api/csrf","status":200,"timestamp":"2026-07-21T19:25:43.459Z","userEmail":"admin@example.com","userId":"5ec6e1d4-178f-4550-9bb9-f0d4352c9499"}
{"ip":"::ffff:127.0.0.1","level":"info","message":"request","method":"POST","ms":27,"path":"/api/announcements","status":403,"timestamp":"2026-07-21T19:25:43.493Z","userEmail":"admin@example.com","userId":"5ec6e1d4-178f-4550-9bb9-f0d4352c9499"}
{"ip":"::ffff:127.0.0.1","level":"info","message":"request","method":"POST","ms":26,"path":"/api/announcements","status":200,"timestamp":"2026-07-21T19:25:43.569Z","userEmail":"admin@example.com","userId":"5ec6e1d4-178f-4550-9bb9-f0d4352c9499"}
{"actor":"support-emailer@test","level":"info","message":"support_email_disabled","subject":"Test","timestamp":"2026-07-21T19:25:43.578Z"}
{"ip":"::ffff:127.0.0.1","level":"info","message":"request","method":"POST","ms":4,"path":"/api/support/message","status":200,"timestamp":"2026-07-21T19:25:43.581Z","userEmail":null,"userId":null}
{"enforceHttps":false,"host":null,"level":"info","message":"server_started","port":8788,"timestamp":"2026-07-21T19:26:29.773Z","trustProxy":false}
{"ip":"::1","level":"info","message":"request","method":"GET","ms":20,"path":"/admin/","status":200,"timestamp":"2026-07-21T19:35:50.151Z","userEmail":null,"userId":null}
{"ip":"::1","level":"info","message":"request","method":"GET","ms":8,"path":"/Icons/favicon.png","status":304,"timestamp":"2026-07-21T19:35:50.238Z","userEmail":null,"userId":null}
{"ip":"::1","level":"info","message":"request","method":"GET","ms":20,"path":"/admin/admin.css?v=20260123","status":200,"timestamp":"2026-07-21T19:35:50.243Z","userEmail":null,"userId":null}
{"ip":"::1","level":"info","message":"request","method":"GET","ms":34,"path":"/admin/admin.js?v=20260123","status":200,"timestamp":"2026-07-21T19:35:50.258Z","userEmail":null,"userId":null}
{"ip":"::1","level":"info","message":"request","method":"GET","ms":36,"path":"/api/me","status":304,"timestamp":"2026-07-21T19:35:50.344Z","userEmail":null,"userId":null}
{"enforceHttps":false,"host":null,"level":"info","message":"server_started","port":8788,"timestamp":"2026-07-21T19:38:37.030Z","trustProxy":false}
{"ip":"::1","level":"info","message":"request","method":"GET","ms":29,"path":"/admin/","status":200,"timestamp":"2026-07-21T19:39:15.723Z","userEmail":null,"userId":null}
{"ip":"::1","level":"info","message":"request","method":"GET","ms":10,"path":"/admin/admin.css?v=20260123","status":200,"timestamp":"2026-07-21T19:39:15.863Z","userEmail":null,"userId":null}
{"ip":"::1","level":"info","message":"request","method":"GET","ms":8,"path":"/Icons/favicon.png","status":200,"timestamp":"2026-07-21T19:39:15.868Z","userEmail":null,"userId":null}
{"ip":"::1","level":"info","message":"request","method":"GET","ms":37,"path":"/admin/admin.js?v=20260123","status":200,"timestamp":"2026-07-21T19:39:15.898Z","userEmail":null,"userId":null}
{"ip":"::1","level":"info","message":"request","method":"GET","ms":4,"path":"/admin/admin.css?v=20260123","status":200,"timestamp":"2026-07-21T19:39:15.930Z","userEmail":null,"userId":null}
{"ip":"::1","level":"info","message":"request","method":"GET","ms":4,"path":"/favicon.ico","status":404,"timestamp":"2026-07-21T19:39:15.961Z","userEmail":null,"userId":null}
{"ip":"::1","level":"info","message":"request","method":"GET","ms":30,"path":"/api/me","status":200,"timestamp":"2026-07-21T19:39:15.974Z","userEmail":null,"userId":null}
{"ip":"::ffff:127.0.0.1","level":"info","message":"request","method":"GET","ms":76,"path":"/api/csrf","status":401,"timestamp":"2026-07-21T22:53:43.835Z","userEmail":null,"userId":null}
{"ip":"::ffff:127.0.0.1","level":"info","message":"request","method":"POST","ms":449,"path":"/api/auth/login","status":200,"timestamp":"2026-07-21T22:53:44.306Z","userEmail":"admin@example.com","userId":"b000a282-fae5-4bbf-a039-d66f7ee01ab8"}
{"ip":"::ffff:127.0.0.1","level":"info","message":"request","method":"GET","ms":20,"path":"/api/csrf","status":200,"timestamp":"2026-07-21T22:53:44.343Z","userEmail":"admin@example.com","userId":"b000a282-fae5-4bbf-a039-d66f7ee01ab8"}
{"ip":"::ffff:127.0.0.1","level":"info","message":"request","method":"POST","ms":34,"path":"/api/announcements","status":403,"timestamp":"2026-07-21T22:53:44.390Z","userEmail":"admin@example.com","userId":"b000a282-fae5-4bbf-a039-d66f7ee01ab8"}
{"ip":"::ffff:127.0.0.1","level":"info","message":"request","method":"POST","ms":21,"path":"/api/announcements","status":200,"timestamp":"2026-07-21T22:53:44.422Z","userEmail":"admin@example.com","userId":"b000a282-fae5-4bbf-a039-d66f7ee01ab8"}
{"actor":"support-emailer@test","level":"info","message":"support_email_disabled","subject":"Test","timestamp":"2026-07-21T22:53:44.436Z"}
{"ip":"::ffff:127.0.0.1","level":"info","message":"request","method":"POST","ms":9,"path":"/api/support/message","status":200,"timestamp":"2026-07-21T22:53:44.439Z","userEmail":null,"userId":null}
{"enforceHttps":false,"host":null,"level":"info","message":"server_started","port":8789,"timestamp":"2026-07-21T23:02:41.896Z","trustProxy":false}
{"ip":"::1","level":"info","message":"request","method":"GET","ms":33,"path":"/admin/","status":200,"timestamp":"2026-07-21T23:03:05.634Z","userEmail":null,"userId":null}
{"ip":"::1","level":"info","message":"request","method":"GET","ms":6,"path":"/Icons/favicon.png","status":200,"timestamp":"2026-07-21T23:03:05.757Z","userEmail":null,"userId":null}
{"ip":"::1","level":"info","message":"request","method":"GET","ms":18,"path":"/admin/admin.css?v=20260123","status":200,"timestamp":"2026-07-21T23:03:05.764Z","userEmail":null,"userId":null}
{"ip":"::1","level":"info","message":"request","method":"GET","ms":44,"path":"/admin/admin.js?v=20260123","status":200,"timestamp":"2026-07-21T23:03:05.796Z","userEmail":null,"userId":null}
{"ip":"::1","level":"info","message":"request","method":"GET","ms":5,"path":"/admin/admin.css?v=20260123","status":200,"timestamp":"2026-07-21T23:03:05.810Z","userEmail":null,"userId":null}
{"ip":"::1","level":"info","message":"request","method":"GET","ms":6,"path":"/favicon.ico","status":404,"timestamp":"2026-07-21T23:03:06.203Z","userEmail":null,"userId":null}
{"ip":"::1","level":"info","message":"request","method":"GET","ms":4,"path":"/api/auth/providers","status":200,"timestamp":"2026-07-21T23:03:44.846Z","userEmail":null,"userId":null}
{"ip":"::1","level":"info","message":"request","method":"GET","ms":14,"path":"/admin/admin.js?v=20260123","status":200,"timestamp":"2026-07-21T23:03:54.233Z","userEmail":null,"userId":null}
{"ip":"::1","level":"info","message":"request","method":"GET","ms":6,"path":"/admin/","status":200,"timestamp":"2026-07-21T23:04:35.112Z","userEmail":null,"userId":null}
{"ip":"::1","level":"info","message":"request","method":"GET","ms":2,"path":"/Icons/favicon.png","status":304,"timestamp":"2026-07-21T23:04:35.172Z","userEmail":null,"userId":null}
{"ip":"::1","level":"info","message":"request","method":"GET","ms":18,"path":"/admin/admin.css?v=20260123","status":200,"timestamp":"2026-07-21T23:04:35.185Z","userEmail":null,"userId":null}
{"ip":"::1","level":"info","message":"request","method":"GET","ms":48,"path":"/admin/admin.js?v=20260123","status":200,"timestamp":"2026-07-21T23:04:35.217Z","userEmail":null,"userId":null}
{"ip":"::1","level":"info","message":"request","method":"GET","ms":4,"path":"/api/auth/providers","status":304,"timestamp":"2026-07-21T23:04:35.262Z","userEmail":null,"userId":null}
{"ip":"::1","level":"info","message":"request","method":"GET","ms":40,"path":"/api/me","status":200,"timestamp":"2026-07-21T23:04:36.468Z","userEmail":null,"userId":null}
{"ip":"::1","level":"info","message":"request","method":"GET","ms":22,"path":"/api/auth/providers","status":304,"timestamp":"2026-07-21T23:05:30.275Z","userEmail":null,"userId":null}
{"ip":"::1","level":"info","message":"request","method":"GET","ms":299,"path":"/admin/","status":200,"timestamp":"2026-07-21T23:11:08.016Z","userEmail":null,"userId":null}
{"ip":"::1","level":"info","message":"request","method":"GET","ms":302,"path":"/Icons/favicon.png","status":304,"timestamp":"2026-07-21T23:11:08.355Z","userEmail":null,"userId":null}
{"ip":"::1","level":"info","message":"request","method":"GET","ms":313,"path":"/admin/admin.css?v=20260123","status":200,"timestamp":"2026-07-21T23:11:08.361Z","userEmail":null,"userId":null}
{"ip":"::1","level":"info","message":"request","method":"GET","ms":349,"path":"/admin/admin.js?v=20260123","status":200,"timestamp":"2026-07-21T23:11:08.401Z","userEmail":null,"userId":null}
{"ip":"::1","level":"info","message":"request","method":"GET","ms":317,"path":"/api/auth/providers","status":404,"timestamp":"2026-07-21T23:11:08.729Z","userEmail":null,"userId":null}
{"ip":"::1","level":"info","message":"request","method":"GET","ms":98,"path":"/api/me","status":304,"timestamp":"2026-07-21T23:11:08.818Z","userEmail":null,"userId":null}
{"enforceHttps":false,"host":null,"level":"info","message":"server_started","port":8787,"timestamp":"2026-07-21T23:17:02.275Z","trustProxy":false}
{"ip":"::1","level":"info","message":"request","method":"GET","ms":335,"path":"/admin/","status":200,"timestamp":"2026-07-21T23:17:33.450Z","userEmail":null,"userId":null}
{"ip":"::1","level":"info","message":"request","method":"GET","ms":306,"path":"/Icons/favicon.png","status":200,"timestamp":"2026-07-21T23:17:33.866Z","userEmail":null,"userId":null}
{"ip":"::1","level":"info","message":"request","method":"GET","ms":329,"path":"/admin/admin.css?v=20260123","status":200,"timestamp":"2026-07-21T23:17:33.879Z","userEmail":null,"userId":null}
{"ip":"::1","level":"info","message":"request","method":"GET","ms":332,"path":"/admin/admin.js?v=20260123","status":200,"timestamp":"2026-07-21T23:17:33.890Z","userEmail":null,"userId":null}
{"ip":"::1","level":"info","message":"request","method":"GET","ms":307,"path":"/favicon.ico","status":404,"timestamp":"2026-07-21T23:17:34.269Z","userEmail":null,"userId":null}
{"ip":"::1","level":"info","message":"request","method":"GET","ms":333,"path":"/api/auth/providers","status":200,"timestamp":"2026-07-21T23:17:34.275Z","userEmail":null,"userId":null}
{"ip":"::1","level":"info","message":"request","method":"GET","ms":312,"path":"/api/me","status":200,"timestamp":"2026-07-21T23:17:34.623Z","userEmail":null,"userId":null}
{"ip":"::1","level":"info","message":"request","method":"GET","ms":24,"path":"/admin/","status":200,"timestamp":"2026-07-21T23:18:45.373Z","userEmail":null,"userId":null}
{"ip":"::1","level":"info","message":"request","method":"GET","ms":62,"path":"/admin/admin.css?v=20260123","status":200,"timestamp":"2026-07-21T23:18:45.455Z","userEmail":null,"userId":null}
{"ip":"::1","level":"info","message":"request","method":"GET","ms":93,"path":"/Icons/favicon.png","status":304,"timestamp":"2026-07-21T23:18:45.489Z","userEmail":null,"userId":null}
{"ip":"::1","level":"info","message":"request","method":"GET","ms":144,"path":"/admin/admin.js?v=20260123","status":200,"timestamp":"2026-07-21T23:18:45.538Z","userEmail":null,"userId":null}
{"ip":"::1","level":"info","message":"request","method":"GET","ms":352,"path":"/api/auth/providers","status":200,"timestamp":"2026-07-21T23:18:45.925Z","userEmail":null,"userId":null}
{"ip":"::1","level":"info","message":"request","method":"GET","ms":23,"path":"/api/me","status":304,"timestamp":"2026-07-21T23:18:45.992Z","userEmail":null,"userId":null}
{"enforceHttps":false,"host":null,"level":"info","message":"server_started","port":8787,"timestamp":"2026-07-21T23:38:32.389Z","trustProxy":false}
{"ip":"::1","level":"info","message":"request","method":"GET","ms":49,"path":"/admin/","status":200,"timestamp":"2026-07-21T23:38:34.920Z","userEmail":null,"userId":null}
{"ip":"::1","level":"info","message":"request","method":"GET","ms":81,"path":"/Icons/favicon.png","status":304,"timestamp":"2026-07-21T23:38:35.040Z","userEmail":null,"userId":null}
{"ip":"::1","level":"info","message":"request","method":"GET","ms":121,"path":"/admin/admin.css?v=20260123","status":200,"timestamp":"2026-07-21T23:38:35.077Z","userEmail":null,"userId":null}
{"ip":"::1","level":"info","message":"request","method":"GET","ms":198,"path":"/admin/admin.js?v=20260123","status":200,"timestamp":"2026-07-21T23:38:35.155Z","userEmail":null,"userId":null}
{"ip":"::1","level":"info","message":"request","method":"GET","ms":23,"path":"/api/auth/providers","status":304,"timestamp":"2026-07-21T23:38:35.200Z","userEmail":null,"userId":null}
{"ip":"::1","level":"info","message":"request","method":"GET","ms":55,"path":"/api/me","status":304,"timestamp":"2026-07-21T23:38:35.293Z","userEmail":null,"userId":null}
{"enforceHttps":false,"host":null,"level":"info","message":"server_started","port":8787,"timestamp":"2026-07-22T00:28:15.348Z","trustProxy":false}
{"ip":"::1","level":"info","message":"request","method":"GET","ms":50,"path":"/admin/","status":200,"timestamp":"2026-07-22T00:28:26.902Z","userEmail":null,"userId":null}
{"ip":"::1","level":"info","message":"request","method":"GET","ms":45,"path":"/admin/admin.css?v=20260123","status":200,"timestamp":"2026-07-22T00:28:26.976Z","userEmail":null,"userId":null}
{"ip":"::1","level":"info","message":"request","method":"GET","ms":58,"path":"/Icons/favicon.png","status":304,"timestamp":"2026-07-22T00:28:26.995Z","userEmail":null,"userId":null}
{"ip":"::1","level":"info","message":"request","method":"GET","ms":88,"path":"/admin/admin.js?v=20260123","status":200,"timestamp":"2026-07-22T00:28:27.021Z","userEmail":null,"userId":null}
{"ip":"::1","level":"info","message":"request","method":"GET","ms":30,"path":"/api/auth/providers","status":304,"timestamp":"2026-07-22T00:28:27.069Z","userEmail":null,"userId":null}
{"ip":"::1","level":"info","message":"request","method":"GET","ms":26,"path":"/api/me","status":304,"timestamp":"2026-07-22T00:28:27.100Z","userEmail":null,"userId":null}
{"enforceHttps":false,"host":null,"level":"info","message":"server_started","port":8790,"timestamp":"2026-07-22T00:30:25.873Z","trustProxy":false}
{"ip":"::1","level":"info","message":"request","method":"GET","ms":24,"path":"/admin/","status":200,"timestamp":"2026-07-22T00:30:43.073Z","userEmail":null,"userId":null}
{"ip":"::1","level":"info","message":"request","method":"GET","ms":8,"path":"/Icons/favicon.png","status":200,"timestamp":"2026-07-22T00:30:43.215Z","userEmail":null,"userId":null}
{"ip":"::1","level":"info","message":"request","method":"GET","ms":25,"path":"/admin/admin.css?v=20260123","status":200,"timestamp":"2026-07-22T00:30:43.220Z","userEmail":null,"userId":null}
{"ip":"::1","level":"info","message":"request","method":"GET","ms":38,"path":"/admin/admin.js?v=20260123","status":200,"timestamp":"2026-07-22T00:30:43.247Z","userEmail":null,"userId":null}
{"ip":"::1","level":"info","message":"request","method":"GET","ms":5,"path":"/api/auth/providers","status":200,"timestamp":"2026-07-22T00:30:43.310Z","userEmail":null,"userId":null}
{"ip":"::1","level":"info","message":"request","method":"GET","ms":24,"path":"/api/me","status":200,"timestamp":"2026-07-22T00:30:43.352Z","userEmail":null,"userId":null}
{"ip":"::1","level":"info","message":"request","method":"GET","ms":24,"path":"/favicon.ico","status":404,"timestamp":"2026-07-22T00:30:43.498Z","userEmail":null,"userId":null}
{"ip":"::1","level":"info","message":"request","method":"GET","ms":21,"path":"/api/auth/providers","status":304,"timestamp":"2026-07-22T00:30:53.928Z","userEmail":null,"userId":null}
{"ip":"::1","level":"info","message":"request","method":"GET","ms":33,"path":"/admin/","status":200,"timestamp":"2026-07-22T00:31:01.742Z","userEmail":null,"userId":null}
{"ip":"::1","level":"info","message":"request","method":"GET","ms":66,"path":"/admin/admin.css?v=20260123","status":200,"timestamp":"2026-07-22T00:31:01.839Z","userEmail":null,"userId":null}
{"ip":"::1","level":"info","message":"request","method":"GET","ms":90,"path":"/Icons/favicon.png","status":304,"timestamp":"2026-07-22T00:31:01.873Z","userEmail":null,"userId":null}
{"ip":"::1","level":"info","message":"request","method":"GET","ms":122,"path":"/admin/admin.js?v=20260123","status":200,"timestamp":"2026-07-22T00:31:01.906Z","userEmail":null,"userId":null}
{"ip":"::1","level":"info","message":"request","method":"GET","ms":30,"path":"/api/auth/providers","status":304,"timestamp":"2026-07-22T00:31:01.961Z","userEmail":null,"userId":null}
{"ip":"::1","level":"info","message":"request","method":"GET","ms":32,"path":"/api/me","status":304,"timestamp":"2026-07-22T00:31:02.027Z","userEmail":null,"userId":null}
{"ip":"::ffff:127.0.0.1","level":"info","message":"request","method":"GET","ms":67,"path":"/api/csrf","status":401,"timestamp":"2026-07-22T00:31:26.156Z","userEmail":null,"userId":null}
{"ip":"::ffff:127.0.0.1","level":"info","message":"request","method":"POST","ms":545,"path":"/api/auth/login","status":200,"timestamp":"2026-07-22T00:31:26.722Z","userEmail":"admin@example.com","userId":"b0d400ff-6320-4dc2-8fc1-b5e50750cb23"}
{"ip":"::ffff:127.0.0.1","level":"info","message":"request","method":"GET","ms":20,"path":"/api/csrf","status":200,"timestamp":"2026-07-22T00:31:26.756Z","userEmail":"admin@example.com","userId":"b0d400ff-6320-4dc2-8fc1-b5e50750cb23"}
{"ip":"::ffff:127.0.0.1","level":"info","message":"request","method":"POST","ms":27,"path":"/api/announcements","status":403,"timestamp":"2026-07-22T00:31:26.789Z","userEmail":"admin@example.com","userId":"b0d400ff-6320-4dc2-8fc1-b5e50750cb23"}
{"ip":"::ffff:127.0.0.1","level":"info","message":"request","method":"POST","ms":31,"path":"/api/announcements","status":200,"timestamp":"2026-07-22T00:31:26.826Z","userEmail":"admin@example.com","userId":"b0d400ff-6320-4dc2-8fc1-b5e50750cb23"}
{"actor":"support-emailer@test","level":"info","message":"support_email_disabled","subject":"Test","timestamp":"2026-07-22T00:31:26.841Z"}
{"ip":"::ffff:127.0.0.1","level":"info","message":"request","method":"POST","ms":3,"path":"/api/support/message","status":200,"timestamp":"2026-07-22T00:31:26.843Z","userEmail":null,"userId":null}
{"enforceHttps":false,"host":null,"level":"info","message":"server_started","port":8790,"timestamp":"2026-07-22T00:31:39.560Z","trustProxy":false}
{"ip":"::1","level":"info","message":"request","method":"GET","ms":54,"path":"/admin/","status":200,"timestamp":"2026-07-22T00:31:56.140Z","userEmail":null,"userId":null}
{"ip":"::1","level":"info","message":"request","method":"GET","ms":50,"path":"/Icons/favicon.png","status":304,"timestamp":"2026-07-22T00:31:56.238Z","userEmail":null,"userId":null}
{"ip":"::1","level":"info","message":"request","method":"GET","ms":75,"path":"/admin/admin.css?v=20260123","status":200,"timestamp":"2026-07-22T00:31:56.260Z","userEmail":null,"userId":null}
{"ip":"::1","level":"info","message":"request","method":"GET","ms":112,"path":"/admin/admin.js?v=20260123","status":200,"timestamp":"2026-07-22T00:31:56.299Z","userEmail":null,"userId":null}
{"ip":"::1","level":"info","message":"request","method":"GET","ms":35,"path":"/api/auth/providers","status":304,"timestamp":"2026-07-22T00:31:56.375Z","userEmail":null,"userId":null}
{"ip":"::1","level":"info","message":"request","method":"GET","ms":32,"path":"/api/me","status":304,"timestamp":"2026-07-22T00:31:56.442Z","userEmail":null,"userId":null}
{"ip":"::1","level":"info","message":"request","method":"GET","ms":27,"path":"/admin/","status":200,"timestamp":"2026-07-22T00:31:59.472Z","userEmail":null,"userId":null}
{"ip":"::1","level":"info","message":"request","method":"GET","ms":38,"path":"/admin/","status":200,"timestamp":"2026-07-22T00:33:40.759Z","userEmail":null,"userId":null}
{"ip":"::1","level":"info","message":"request","method":"GET","ms":47,"path":"/Icons/favicon.png","status":304,"timestamp":"2026-07-22T00:33:40.852Z","userEmail":null,"userId":null}
{"ip":"::1","level":"info","message":"request","method":"GET","ms":84,"path":"/admin/admin.css?v=20260123","status":200,"timestamp":"2026-07-22T00:33:40.871Z","userEmail":null,"userId":null}
{"ip":"::1","level":"info","message":"request","method":"GET","ms":90,"path":"/admin/admin.js?v=20260123","status":200,"timestamp":"2026-07-22T00:33:40.894Z","userEmail":null,"userId":null}
{"ip":"::1","level":"info","message":"request","method":"GET","ms":27,"path":"/api/auth/providers","status":304,"timestamp":"2026-07-22T00:33:40.939Z","userEmail":null,"userId":null}
{"ip":"::1","level":"info","message":"request","method":"GET","ms":22,"path":"/api/me","status":304,"timestamp":"2026-07-22T00:33:40.991Z","userEmail":null,"userId":null}
{"ip":"::1","level":"info","message":"request","method":"GET","ms":32,"path":"/admin/","status":200,"timestamp":"2026-07-22T00:33:41.736Z","userEmail":null,"userId":null}
{"ip":"::1","level":"info","message":"request","method":"GET","ms":67,"path":"/admin/admin.css?v=20260123","status":200,"timestamp":"2026-07-22T00:33:41.824Z","userEmail":null,"userId":null}
{"ip":"::1","level":"info","message":"request","method":"GET","ms":95,"path":"/Icons/favicon.png","status":304,"timestamp":"2026-07-22T00:33:41.856Z","userEmail":null,"userId":null}
{"ip":"::1","level":"info","message":"request","method":"GET","ms":157,"path":"/admin/admin.js?v=20260123","status":200,"timestamp":"2026-07-22T00:33:41.935Z","userEmail":null,"userId":null}
{"ip":"::1","level":"info","message":"request","method":"GET","ms":51,"path":"/api/auth/providers","status":304,"timestamp":"2026-07-22T00:33:42.001Z","userEmail":null,"userId":null}
{"ip":"::1","level":"info","message":"request","method":"GET","ms":47,"path":"/api/me","status":304,"timestamp":"2026-07-22T00:33:42.086Z","userEmail":null,"userId":null}
{"ip":"::1","level":"info","message":"request","method":"GET","ms":31,"path":"/admin/","status":200,"timestamp":"2026-07-22T00:33:43.718Z","userEmail":null,"userId":null}
{"ip":"::1","level":"info","message":"request","method":"GET","ms":44,"path":"/Icons/favicon.png","status":304,"timestamp":"2026-07-22T00:33:43.793Z","userEmail":null,"userId":null}
{"ip":"::1","level":"info","message":"request","method":"GET","ms":80,"path":"/admin/admin.css?v=20260123","status":200,"timestamp":"2026-07-22T00:33:43.818Z","userEmail":null,"userId":null}
{"ip":"::1","level":"info","message":"request","method":"GET","ms":86,"path":"/admin/admin.js?v=20260123","status":200,"timestamp":"2026-07-22T00:33:43.842Z","userEmail":null,"userId":null}
{"ip":"::1","level":"info","message":"request","method":"GET","ms":20,"path":"/api/auth/providers","status":304,"timestamp":"2026-07-22T00:33:43.878Z","userEmail":null,"userId":null}
{"ip":"::1","level":"info","message":"request","method":"GET","ms":18,"path":"/api/me","status":304,"timestamp":"2026-07-22T00:33:43.919Z","userEmail":null,"userId":null}
{"ip":"::1","level":"info","message":"request","method":"GET","ms":205,"path":"/api/csrf","status":401,"timestamp":"2026-07-22T00:34:15.647Z","userEmail":null,"userId":null}
{"ip":"::1","level":"info","message":"request","method":"POST","ms":364,"path":"/api/auth/google","status":200,"timestamp":"2026-07-22T00:34:15.820Z","userEmail":"hligon@getsparqd.com","userId":"5b10576b-4201-4eab-87c0-11adc3cbccd0"}
{"ip":"::1","level":"info","message":"request","method":"GET","ms":30,"path":"/api/csrf","status":200,"timestamp":"2026-07-22T00:34:15.856Z","userEmail":"hligon@getsparqd.com","userId":"5b10576b-4201-4eab-87c0-11adc3cbccd0"}
{"ip":"::1","level":"info","message":"request","method":"GET","ms":22,"path":"/api/me","status":200,"timestamp":"2026-07-22T00:34:15.882Z","userEmail":"hligon@getsparqd.com","userId":"5b10576b-4201-4eab-87c0-11adc3cbccd0"}
{"ip":"::1","level":"info","message":"request","method":"GET","ms":16,"path":"/api/csrf","status":200,"timestamp":"2026-07-22T00:34:15.902Z","userEmail":"hligon@getsparqd.com","userId":"5b10576b-4201-4eab-87c0-11adc3cbccd0"}
{"ip":"::1","level":"info","message":"request","method":"GET","ms":64,"path":"/api/announcements","status":200,"timestamp":"2026-07-22T00:34:16.000Z","userEmail":"hligon@getsparqd.com","userId":"5b10576b-4201-4eab-87c0-11adc3cbccd0"}
{"ip":"::1","level":"info","message":"request","method":"GET","ms":75,"path":"/api/events","status":200,"timestamp":"2026-07-22T00:34:16.018Z","userEmail":"hligon@getsparqd.com","userId":"5b10576b-4201-4eab-87c0-11adc3cbccd0"}
{"ip":"::1","level":"info","message":"request","method":"GET","ms":81,"path":"/api/bulletins","status":200,"timestamp":"2026-07-22T00:34:16.035Z","userEmail":"hligon@getsparqd.com","userId":"5b10576b-4201-4eab-87c0-11adc3cbccd0"}
{"ip":"::1","level":"info","message":"request","method":"GET","ms":98,"path":"/api/finances","status":200,"timestamp":"2026-07-22T00:34:16.052Z","userEmail":"hligon@getsparqd.com","userId":"5b10576b-4201-4eab-87c0-11adc3cbccd0"}
{"ip":"::1","level":"info","message":"request","method":"GET","ms":230,"path":"/api/gallery","status":302,"timestamp":"2026-07-22T00:34:16.158Z","userEmail":"hligon@getsparqd.com","userId":"5b10576b-4201-4eab-87c0-11adc3cbccd0"}
{"ip":"::1","level":"info","message":"request","method":"GET","ms":53,"path":"/api/gallery/r2tree?prefix=gallery%2F&limit=1000","status":302,"timestamp":"2026-07-22T00:34:16.220Z","userEmail":"hligon@getsparqd.com","userId":"5b10576b-4201-4eab-87c0-11adc3cbccd0"}
{"ip":"::1","level":"info","message":"request","method":"GET","ms":22,"path":"/admin/","status":200,"timestamp":"2026-07-22T00:35:13.707Z","userEmail":"hligon@getsparqd.com","userId":"5b10576b-4201-4eab-87c0-11adc3cbccd0"}
{"ip":"::1","level":"info","message":"request","method":"GET","ms":23,"path":"/api/auth/providers","status":304,"timestamp":"2026-07-22T00:35:13.733Z","userEmail":"hligon@getsparqd.com","userId":"5b10576b-4201-4eab-87c0-11adc3cbccd0"}
{"ip":"::1","level":"info","message":"request","method":"GET","ms":6,"path":"/admin/","status":200,"timestamp":"2026-07-22T00:36:40.824Z","userEmail":null,"userId":null}
{"ip":"::1","level":"info","message":"request","method":"GET","ms":1,"path":"/api/auth/providers","status":200,"timestamp":"2026-07-22T00:36:40.875Z","userEmail":null,"userId":null}
{"ip":"::1","level":"info","message":"request","method":"GET","ms":17,"path":"/admin/","status":200,"timestamp":"2026-07-22T00:36:40.925Z","userEmail":null,"userId":null}
{"ip":"::1","level":"info","message":"request","method":"GET","ms":20,"path":"/api/auth/providers","status":404,"timestamp":"2026-07-22T00:36:40.955Z","userEmail":null,"userId":null}
{"ip":"::1","level":"info","message":"request","method":"GET","ms":15,"path":"/admin/","status":200,"timestamp":"2026-07-22T00:36:40.990Z","userEmail":null,"userId":null}
{"ip":"::1","level":"info","message":"request","method":"GET","ms":6,"path":"/api/auth/providers","status":200,"timestamp":"2026-07-22T00:36:41.001Z","userEmail":null,"userId":null}
{"ip":"::1","level":"info","message":"request","method":"GET","ms":3,"path":"/admin/","status":200,"timestamp":"2026-07-22T00:36:41.009Z","userEmail":null,"userId":null}
{"ip":"::1","level":"info","message":"request","method":"GET","ms":2,"path":"/api/auth/providers","status":200,"timestamp":"2026-07-22T00:36:41.019Z","userEmail":null,"userId":null}
{"ip":"::1","level":"info","message":"request","method":"GET","ms":23,"path":"/admin/","status":200,"timestamp":"2026-07-22T00:36:59.688Z","userEmail":"hligon@getsparqd.com","userId":"5b10576b-4201-4eab-87c0-11adc3cbccd0"}
{"ip":"::1","level":"info","message":"request","method":"GET","ms":42,"path":"/Icons/favicon.png","status":304,"timestamp":"2026-07-22T00:36:59.792Z","userEmail":"hligon@getsparqd.com","userId":"5b10576b-4201-4eab-87c0-11adc3cbccd0"}
{"ip":"::1","level":"info","message":"request","method":"GET","ms":117,"path":"/admin/admin.css?v=20260123","status":200,"timestamp":"2026-07-22T00:36:59.838Z","userEmail":"hligon@getsparqd.com","userId":"5b10576b-4201-4eab-87c0-11adc3cbccd0"}
{"ip":"::1","level":"info","message":"request","method":"GET","ms":115,"path":"/admin/admin.js?v=20260123","status":200,"timestamp":"2026-07-22T00:36:59.868Z","userEmail":"hligon@getsparqd.com","userId":"5b10576b-4201-4eab-87c0-11adc3cbccd0"}
{"ip":"::1","level":"info","message":"request","method":"GET","ms":35,"path":"/api/auth/providers","status":304,"timestamp":"2026-07-22T00:36:59.927Z","userEmail":"hligon@getsparqd.com","userId":"5b10576b-4201-4eab-87c0-11adc3cbccd0"}
{"ip":"::1","level":"info","message":"request","method":"GET","ms":28,"path":"/api/me","status":304,"timestamp":"2026-07-22T00:37:00.006Z","userEmail":"hligon@getsparqd.com","userId":"5b10576b-4201-4eab-87c0-11adc3cbccd0"}
{"ip":"::1","level":"info","message":"request","method":"GET","ms":31,"path":"/api/csrf","status":200,"timestamp":"2026-07-22T00:37:00.073Z","userEmail":"hligon@getsparqd.com","userId":"5b10576b-4201-4eab-87c0-11adc3cbccd0"}
{"ip":"::1","level":"info","message":"request","method":"GET","ms":37,"path":"/api/bulletins","status":304,"timestamp":"2026-07-22T00:37:00.143Z","userEmail":"hligon@getsparqd.com","userId":"5b10576b-4201-4eab-87c0-11adc3cbccd0"}
{"ip":"::1","level":"info","message":"request","method":"GET","ms":58,"path":"/api/announcements","status":304,"timestamp":"2026-07-22T00:37:00.162Z","userEmail":"hligon@getsparqd.com","userId":"5b10576b-4201-4eab-87c0-11adc3cbccd0"}
{"ip":"::1","level":"info","message":"request","method":"GET","ms":80,"path":"/api/events","status":304,"timestamp":"2026-07-22T00:37:00.185Z","userEmail":"hligon@getsparqd.com","userId":"5b10576b-4201-4eab-87c0-11adc3cbccd0"}
{"ip":"::1","level":"info","message":"request","method":"GET","ms":143,"path":"/api/finances","status":304,"timestamp":"2026-07-22T00:37:00.249Z","userEmail":"hligon@getsparqd.com","userId":"5b10576b-4201-4eab-87c0-11adc3cbccd0"}
{"ip":"::1","level":"info","message":"request","method":"GET","ms":216,"path":"/api/gallery","status":302,"timestamp":"2026-07-22T00:37:00.320Z","userEmail":"hligon@getsparqd.com","userId":"5b10576b-4201-4eab-87c0-11adc3cbccd0"}
{"ip":"::1","level":"info","message":"request","method":"GET","ms":61,"path":"/api/gallery/r2tree?prefix=gallery%2F&limit=1000","status":302,"timestamp":"2026-07-22T00:37:00.387Z","userEmail":"hligon@getsparqd.com","userId":"5b10576b-4201-4eab-87c0-11adc3cbccd0"}
